<?xml version='1.0'?>
<ns2:test-suite xmlns:ns2='urn:model.allure.qatools.yandex.ru' start='1579814267808' stop='1579814272396'>
    <name>Login Form</name>
    <title>Login Form</title>
    <test-cases>
        <test-case start='1579814267808' status='undefined'>
            <name>should not allow login with invalid username</name>
            <title>should not allow login with invalid username</title>
            <labels>
                <label name='language' value='javascript'/>
                <label name='framework' value='wdio'/>
                <label name='thread' value='0-0'/>
            </labels>
            <parameters>
                <parameter kind='argument' name='browser' value='chrome'/>
            </parameters>
            <steps/>
            <attachments/>
        </test-case>
        <test-case start='1579814270924' status='undefined'>
            <name>should not allow login with invalid username</name>
            <title>should not allow login with invalid username</title>
            <labels>
                <label name='language' value='javascript'/>
                <label name='framework' value='wdio'/>
                <label name='thread' value='0-0'/>
            </labels>
            <parameters>
                <parameter kind='argument' name='browser' value='chrome'/>
            </parameters>
            <steps/>
            <attachments/>
        </test-case>
        <test-case start='1579814271772' status='failed' stop='1579814272396'>
            <name>should not allow login with invalid username</name>
            <title>should not allow login with invalid username</title>
            <labels>
                <label name='language' value='javascript'/>
                <label name='framework' value='wdio'/>
                <label name='thread' value='0-0'/>
            </labels>
            <parameters>
                <parameter kind='argument' name='browser' value='chrome'/>
            </parameters>
            <steps/>
            <attachments/>
            <failure>
                <message>expected { Object (sessionId, elementId, ...) } to equal 'Your username is invalid!'</message>
                <stack-trace>AssertionError: expected { Object (sessionId, elementId, ...) } to equal 'Your username is invalid!'
                    at Context.&lt;anonymous> (/Users/devon.jones/Desktop/webdriver_io_poc/tests/login.test.js:12:24)</stack-trace>
            </failure>
        </test-case>
    </test-cases>
</ns2:test-suite>